rm -f albatrosscc lex.yy.c y.tab.c y.tab.h y.output *.o
cc -Wall -Wextra -Werror -std=c17 -Wpedantic -O0 -fsanitize=address -g -c table.c
cc -Wall -Wextra -Werror -std=c17 -Wpedantic -O0 -fsanitize=address -g -c symbol.c
cc -Wall -Wextra -Werror -std=c17 -Wpedantic -O0 -fsanitize=address -g -c ast.c
yacc -o y.tab.c -dv parser.y
echo "y.tab.h was created at the same time as y.tab.c"
y.tab.h was created at the same time as y.tab.c
cc -Wall -Wextra -Werror -std=c17 -Wpedantic -O0 -fsanitize=address -g -c semantic_analysis_symbols.c
cc -Wall -Wextra -Werror -std=c17 -Wpedantic -O0 -fsanitize=address -g -c main.c
lex lexer.lex
cc -O0 -fsanitize=address -g -c lex.yy.c
cc -Wall -Wextra -Werror -std=c17 -Wpedantic -O0 -fsanitize=address -g -c y.tab.c
cc -Wall -Wextra -Werror -std=c17 -Wpedantic -O0 -fsanitize=address -g -c semantic_analysis_types.c
cc -Wall -Wextra -Werror -std=c17 -Wpedantic -O0 -fsanitize=address -g -c frames.c
cc -Wall -Wextra -Werror -std=c17 -Wpedantic -O0 -fsanitize=address -g -c print_ast.c
cc -Wall -Wextra -Werror -std=c17 -Wpedantic -O0 -fsanitize=address -g -c transform.c
cc -Wall -Wextra -Werror -std=c17 -Wpedantic -O0 -fsanitize=address -g -c mips_ast.c
cc -Wall -Wextra -Werror -std=c17 -Wpedantic -O0 -fsanitize=address -g -o albatrosscc main.o lex.yy.o y.tab.o symbol.o table.o ast.o semantic_analysis_types.o semantic_analysis_symbols.o frames.o print_ast.o transform.o mips_ast.o
Running [42mpositive test[0m 01-simple/pass1.albatross	[41;37mCOMPILE FAIL in 68ms [0m
./runtests.sh: line 36: ./albatrosscc: No such file or directory
Running [42mpositive test[0m 01-simple/pass2.albatross	[41;37mCOMPILE FAIL in 120ms [0m
./runtests.sh: line 36: ./albatrosscc: No such file or directory
Running [42mpositive test[0m 01-simple/pass3.albatross	[41;37mCOMPILE FAIL in 97ms [0m
./runtests.sh: line 36: ./albatrosscc: No such file or directory
Running [42mpositive test[0m 01-simple/pass4.albatross	[41;37mCOMPILE FAIL in 80ms [0m
./runtests.sh: line 36: ./albatrosscc: No such file or directory
[41;37m                   TEST 01-simple FAILING                  [0m
[41;37m                   TEST 01-simple FAILING                  [0m
[41;37m                   TEST 01-simple FAILING                  [0m
Running [42mpositive test[0m 02-exprs/pass1.albatross	[41;37mCOMPILE FAIL in 79ms [0m
./runtests.sh: line 36: ./albatrosscc: No such file or directory
Running [42mpositive test[0m 02-exprs/pass2.albatross	[41;37mCOMPILE FAIL in 116ms [0m
./runtests.sh: line 36: ./albatrosscc: No such file or directory
Running [42mpositive test[0m 02-exprs/pass3.albatross	